<?xml version="1.0" encoding="UTF-8"?>
<!-- Generated by org.testng.reporters.JUnitReportReporter -->
<testsuite hostname="DESKTOP-M8GIAA3" failures="0" tests="1" name="TestBase.TestBase" time="11.226" errors="0" timestamp="2021-09-05T23:34:47 PKT" skipped="0">
  <testcase classname="TestBase.TestBase" name="f" time="11.226"/>
  <system-out/>
</testsuite> <!-- TestBase.TestBase -->
